/images/build/logo.png
/images/build/navigation_x.png
/images/IBP%20-%20Front%20page%20-%20Toppbilde%20-%201056%20x%20612.jpg
/images/SFP_overview_webfrontpage2012.jpg
/images/Environmentally_friendly_farming_03.jpg
/images/annual-report-2011-(1056-x-612).jpg
/images/impact-report-2011-(1056x612).jpg
/images/IBP%20-%20Front%20page%20-%20Karusell%20-%2078%20x%2040.jpg
/images/SFP_78X40.jpg
/images/Wiggeby_farm_78x40.jpg
/images/annual-report-2011-(78x40).jpg
/images/impact-report-2011-(78x40).jpg
http://yaraurl.com/e1q9
/images/jobs_and_careers_292x123.jpg
http://yaraurl.com/oukw
http://sdc.arena.no/dcs3a21941000043tnle2rlvs_5r8v/njs.gif?dcsuri=/nojavascript&WT.js=No&WT.tv=8.6.0
/images/build/print.png
/images/yara-header-media.jpg
/images/build/logo.png
/images/build/navigation_x.png
/images/build/print.png
http://previews.fliqz.com/68949c842b4e4abdb570c3038ad5d4af.jpg
/images/icon.jpg
/images/icon.jpg
/images/icon.jpg
http://previews.fliqz.com/68949c842b4e4abdb570c3038ad5d4af.jpg
/images/icon.jpg
http://previews.fliqz.com/68949c842b4e4abdb570c3038ad5d4af.jpg
/images/icon.jpg
http://previews.fliqz.com/68949c842b4e4abdb570c3038ad5d4af.jpg
/images/icon.jpg
http://previews.fliqz.com/68949c842b4e4abdb570c3038ad5d4af.jpg
/images/icon.jpg
http://previews.fliqz.com/68949c842b4e4abdb570c3038ad5d4af.jpg
/images/icon.jpg
http://previews.fliqz.com/68949c842b4e4abdb570c3038ad5d4af.jpg
http://previews.fliqz.com/68949c842b4e4abdb570c3038ad5d4af.jpg
/images/yara-header-media.jpg
/images/build/logo.png
/images/build/navigation_x.png
/images/build/print.png
http://lorempixel.com/159/91/nature/1
http://lorempixel.com/159/91/nature/2
http://lorempixel.com/159/91/nature/3
http://lorempixel.com/159/91/nature/4
http://lorempixel.com/159/91/nature/5
http://lorempixel.com/159/91/nature/6
http://lorempixel.com/159/91/nature/7
http://lorempixel.com/159/91/nature/8
http://lorempixel.com/159/91/nature/9
http://lorempixel.com/159/91/nature/10
http://lorempixel.com/159/91/nature/11
/images/RCF%20-%20Front%20page%20-%20Karusell%20-%2078%20x%2040.jpg
/images/SFP_78X40.jpg
/images/Wiggeby_farm_78x40.jpg
/images/annual-report-2011-(78x40).jpg
/images/impact-report-2011-(78x40).jpg
/images/GD%20-%20Front%20page%20-%20Karusell%20-%2078%20x%2040.jpg
/images/AUCC%20-%20Front%20page%20-%20Karusell%20-%2078%20x%2040.jpg
/images/EFB%20-%20Front%20page%20-%20Karusell%20-%2078%20x%2040.jpg
/images/IBP%20-%20Front%20page%20-%20Karusell%20-%2078%20x%2040.jpg
/images/CEO2011%20-%20Front%20page%20-%20Karusell%20-%2078%20x%2040.jpg
/images/RECC%20-%20Front%20page%20-%20Karusell%20-%2078%20x%2040.jpg
/images/SAC%20-%20Front%20page%20-%20Karusell%20-%2078%20x%2040.jpg
/images/SRWC%20-%20Front%20page%20-%20Karusell%20-%2078%20x%2040.jpg
/images/TIE%20-%20Front%20page%20-%20Karusell%20-%2078%20x%2040.jpg
/images/AFC%20-%20Front%20page%20-%20Karusell%20-%2078%20x%2040.jpg
